<?xml version="1.0" encoding="UTF-8"?>
<!-- Generated by org.testng.reporters.JUnitReportReporter -->
<testsuite hostname="L076-Parmar" failures="0" tests="2" name="com.rest.test.TestGetCall" time="0.936" errors="0" timestamp="2023-09-11T14:40:23 IST" skipped="0">
  <testcase classname="com.rest.test.TestGetCall" name="testGetCall" time="0.848"/>
  <testcase classname="com.rest.test.TestGetCall" name="testGetCallResponse" time="0.088"/>
</testsuite> <!-- com.rest.test.TestGetCall -->
